[ERROR] 2020-11-10 10:31:29,172 [pool-1-thread-2][org.example.s7.sup.S7IpGroupQueryer][line:85]  ip: [192.168.10.61], address: [%DB10.DBX1004.0] 查询报错！
org.example.s7.device.S7DeviceException: ip:192.168.10.61 plc连接不上！
	at org.example.s7.device.S7Device.connect(S7Device.java:34)
	at org.example.s7.bus.S7BusDevice.connect(S7BusDevice.java:56)
	at org.example.s7.sup.S7ConnectHolder.getBusDevice(S7ConnectHolder.java:59)
	at org.example.s7.sup.S7IpGroupQueryer.lambda$query$0(S7IpGroupQueryer.java:64)
	at java.util.concurrent.FutureTask.run(FutureTask.java:266)
	at java.util.concurrent.ThreadPoolExecutor.runWorker(ThreadPoolExecutor.java:1149)
	at java.util.concurrent.ThreadPoolExecutor$Worker.run(ThreadPoolExecutor.java:624)
	at java.lang.Thread.run(Thread.java:748)
Caused by: com.github.s7connector.exception.S7Exception: constructor
	at com.github.s7connector.impl.S7TCPConnection.setupSocket(S7TCPConnection.java:120)
	at com.github.s7connector.impl.S7TCPConnection.<init>(S7TCPConnection.java:83)
	at com.github.s7connector.api.factory.S7ConnectorFactory$TCPConnectionBuilder.build(S7ConnectorFactory.java:43)
	at org.example.s7.device.S7Device.connect(S7Device.java:31)
	... 7 more
Caused by: java.net.SocketTimeoutException: connect timed out
	at java.net.DualStackPlainSocketImpl.waitForConnect(Native Method)
	at java.net.DualStackPlainSocketImpl.socketConnect(DualStackPlainSocketImpl.java:85)
	at java.net.AbstractPlainSocketImpl.doConnect(AbstractPlainSocketImpl.java:350)
	at java.net.AbstractPlainSocketImpl.connectToAddress(AbstractPlainSocketImpl.java:206)
	at java.net.AbstractPlainSocketImpl.connect(AbstractPlainSocketImpl.java:188)
	at java.net.PlainSocketImpl.connect(PlainSocketImpl.java:172)
	at java.net.SocksSocketImpl.connect(SocksSocketImpl.java:392)
	at java.net.Socket.connect(Socket.java:606)
	at com.github.s7connector.impl.S7TCPConnection.setupSocket(S7TCPConnection.java:108)
	... 10 more
[ERROR] 2020-11-10 10:31:31,185 [pool-1-thread-2][org.example.s7.sup.S7IpGroupQueryer][line:85]  ip: [192.168.10.61], address: [%DB10.DBX10041.2] 查询报错！
org.example.s7.device.S7DeviceException: ip:192.168.10.61 plc连接不上！
	at org.example.s7.device.S7Device.connect(S7Device.java:34)
	at org.example.s7.bus.S7BusDevice.connect(S7BusDevice.java:56)
	at org.example.s7.sup.S7ConnectHolder.getBusDevice(S7ConnectHolder.java:59)
	at org.example.s7.sup.S7IpGroupQueryer.lambda$query$0(S7IpGroupQueryer.java:64)
	at java.util.concurrent.FutureTask.run(FutureTask.java:266)
	at java.util.concurrent.ThreadPoolExecutor.runWorker(ThreadPoolExecutor.java:1149)
	at java.util.concurrent.ThreadPoolExecutor$Worker.run(ThreadPoolExecutor.java:624)
	at java.lang.Thread.run(Thread.java:748)
Caused by: com.github.s7connector.exception.S7Exception: constructor
	at com.github.s7connector.impl.S7TCPConnection.setupSocket(S7TCPConnection.java:120)
	at com.github.s7connector.impl.S7TCPConnection.<init>(S7TCPConnection.java:83)
	at com.github.s7connector.api.factory.S7ConnectorFactory$TCPConnectionBuilder.build(S7ConnectorFactory.java:43)
	at org.example.s7.device.S7Device.connect(S7Device.java:31)
	... 7 more
Caused by: java.net.SocketTimeoutException: connect timed out
	at java.net.DualStackPlainSocketImpl.waitForConnect(Native Method)
	at java.net.DualStackPlainSocketImpl.socketConnect(DualStackPlainSocketImpl.java:85)
	at java.net.AbstractPlainSocketImpl.doConnect(AbstractPlainSocketImpl.java:350)
	at java.net.AbstractPlainSocketImpl.connectToAddress(AbstractPlainSocketImpl.java:206)
	at java.net.AbstractPlainSocketImpl.connect(AbstractPlainSocketImpl.java:188)
	at java.net.PlainSocketImpl.connect(PlainSocketImpl.java:172)
	at java.net.SocksSocketImpl.connect(SocksSocketImpl.java:392)
	at java.net.Socket.connect(Socket.java:606)
	at com.github.s7connector.impl.S7TCPConnection.setupSocket(S7TCPConnection.java:108)
	... 10 more
[ERROR] 2020-11-10 10:31:33,187 [pool-1-thread-2][org.example.s7.sup.S7IpGroupQueryer][line:85]  ip: [192.168.10.61], address: [%DB10.DBX1004.0] 查询报错！
org.example.s7.device.S7DeviceException: ip:192.168.10.61 plc连接不上！
	at org.example.s7.device.S7Device.connect(S7Device.java:34)
	at org.example.s7.bus.S7BusDevice.connect(S7BusDevice.java:56)
	at org.example.s7.sup.S7ConnectHolder.getBusDevice(S7ConnectHolder.java:59)
	at org.example.s7.sup.S7IpGroupQueryer.lambda$query$0(S7IpGroupQueryer.java:64)
	at java.util.concurrent.FutureTask.run(FutureTask.java:266)
	at java.util.concurrent.ThreadPoolExecutor.runWorker(ThreadPoolExecutor.java:1149)
	at java.util.concurrent.ThreadPoolExecutor$Worker.run(ThreadPoolExecutor.java:624)
	at java.lang.Thread.run(Thread.java:748)
Caused by: com.github.s7connector.exception.S7Exception: constructor
	at com.github.s7connector.impl.S7TCPConnection.setupSocket(S7TCPConnection.java:120)
	at com.github.s7connector.impl.S7TCPConnection.<init>(S7TCPConnection.java:83)
	at com.github.s7connector.api.factory.S7ConnectorFactory$TCPConnectionBuilder.build(S7ConnectorFactory.java:43)
	at org.example.s7.device.S7Device.connect(S7Device.java:31)
	... 7 more
Caused by: java.net.SocketTimeoutException: connect timed out
	at java.net.DualStackPlainSocketImpl.waitForConnect(Native Method)
	at java.net.DualStackPlainSocketImpl.socketConnect(DualStackPlainSocketImpl.java:85)
	at java.net.AbstractPlainSocketImpl.doConnect(AbstractPlainSocketImpl.java:350)
	at java.net.AbstractPlainSocketImpl.connectToAddress(AbstractPlainSocketImpl.java:206)
	at java.net.AbstractPlainSocketImpl.connect(AbstractPlainSocketImpl.java:188)
	at java.net.PlainSocketImpl.connect(PlainSocketImpl.java:172)
	at java.net.SocksSocketImpl.connect(SocksSocketImpl.java:392)
	at java.net.Socket.connect(Socket.java:606)
	at com.github.s7connector.impl.S7TCPConnection.setupSocket(S7TCPConnection.java:108)
	... 10 more
[ERROR] 2020-11-10 11:53:42,785 [pool-1-thread-1][org.example.s7.sup.S7IpGroupQueryer][line:85]  ip: [192.168.0.190], address: [DB1.DBB0] 查询报错！
org.example.s7.device.S7DeviceException: ip:192.168.0.190 plc连接不上！
	at org.example.s7.device.S7Device.connect(S7Device.java:34)
	at org.example.s7.bus.S7BusDevice.connect(S7BusDevice.java:56)
	at org.example.s7.sup.S7ConnectHolder.getBusDevice(S7ConnectHolder.java:59)
	at org.example.s7.sup.S7IpGroupQueryer.lambda$query$0(S7IpGroupQueryer.java:64)
	at java.util.concurrent.FutureTask.run(FutureTask.java:266)
	at java.util.concurrent.ThreadPoolExecutor.runWorker(ThreadPoolExecutor.java:1149)
	at java.util.concurrent.ThreadPoolExecutor$Worker.run(ThreadPoolExecutor.java:624)
	at java.lang.Thread.run(Thread.java:748)
Caused by: com.github.s7connector.exception.S7Exception: constructor
	at com.github.s7connector.impl.S7TCPConnection.setupSocket(S7TCPConnection.java:120)
	at com.github.s7connector.impl.S7TCPConnection.<init>(S7TCPConnection.java:83)
	at com.github.s7connector.api.factory.S7ConnectorFactory$TCPConnectionBuilder.build(S7ConnectorFactory.java:43)
	at org.example.s7.device.S7Device.connect(S7Device.java:31)
	... 7 more
Caused by: java.net.SocketTimeoutException: connect timed out
	at java.net.DualStackPlainSocketImpl.waitForConnect(Native Method)
	at java.net.DualStackPlainSocketImpl.socketConnect(DualStackPlainSocketImpl.java:85)
	at java.net.AbstractPlainSocketImpl.doConnect(AbstractPlainSocketImpl.java:350)
	at java.net.AbstractPlainSocketImpl.connectToAddress(AbstractPlainSocketImpl.java:206)
	at java.net.AbstractPlainSocketImpl.connect(AbstractPlainSocketImpl.java:188)
	at java.net.PlainSocketImpl.connect(PlainSocketImpl.java:172)
	at java.net.SocksSocketImpl.connect(SocksSocketImpl.java:392)
	at java.net.Socket.connect(Socket.java:606)
	at com.github.s7connector.impl.S7TCPConnection.setupSocket(S7TCPConnection.java:108)
	... 10 more
[ERROR] 2020-11-10 11:53:44,815 [pool-1-thread-1][org.example.s7.sup.S7IpGroupQueryer][line:85]  ip: [192.168.0.190], address: [DB1.DBB1] 查询报错！
org.example.s7.device.S7DeviceException: ip:192.168.0.190 plc连接不上！
	at org.example.s7.device.S7Device.connect(S7Device.java:34)
	at org.example.s7.bus.S7BusDevice.connect(S7BusDevice.java:56)
	at org.example.s7.sup.S7ConnectHolder.getBusDevice(S7ConnectHolder.java:59)
	at org.example.s7.sup.S7IpGroupQueryer.lambda$query$0(S7IpGroupQueryer.java:64)
	at java.util.concurrent.FutureTask.run(FutureTask.java:266)
	at java.util.concurrent.ThreadPoolExecutor.runWorker(ThreadPoolExecutor.java:1149)
	at java.util.concurrent.ThreadPoolExecutor$Worker.run(ThreadPoolExecutor.java:624)
	at java.lang.Thread.run(Thread.java:748)
Caused by: com.github.s7connector.exception.S7Exception: constructor
	at com.github.s7connector.impl.S7TCPConnection.setupSocket(S7TCPConnection.java:120)
	at com.github.s7connector.impl.S7TCPConnection.<init>(S7TCPConnection.java:83)
	at com.github.s7connector.api.factory.S7ConnectorFactory$TCPConnectionBuilder.build(S7ConnectorFactory.java:43)
	at org.example.s7.device.S7Device.connect(S7Device.java:31)
	... 7 more
Caused by: java.net.SocketTimeoutException: connect timed out
	at java.net.DualStackPlainSocketImpl.waitForConnect(Native Method)
	at java.net.DualStackPlainSocketImpl.socketConnect(DualStackPlainSocketImpl.java:85)
	at java.net.AbstractPlainSocketImpl.doConnect(AbstractPlainSocketImpl.java:350)
	at java.net.AbstractPlainSocketImpl.connectToAddress(AbstractPlainSocketImpl.java:206)
	at java.net.AbstractPlainSocketImpl.connect(AbstractPlainSocketImpl.java:188)
	at java.net.PlainSocketImpl.connect(PlainSocketImpl.java:172)
	at java.net.SocksSocketImpl.connect(SocksSocketImpl.java:392)
	at java.net.Socket.connect(Socket.java:606)
	at com.github.s7connector.impl.S7TCPConnection.setupSocket(S7TCPConnection.java:108)
	... 10 more
[ERROR] 2020-11-10 11:53:46,817 [pool-1-thread-1][org.example.s7.sup.S7IpGroupQueryer][line:85]  ip: [192.168.0.190], address: [DB1.DBB0] 查询报错！
org.example.s7.device.S7DeviceException: ip:192.168.0.190 plc连接不上！
	at org.example.s7.device.S7Device.connect(S7Device.java:34)
	at org.example.s7.bus.S7BusDevice.connect(S7BusDevice.java:56)
	at org.example.s7.sup.S7ConnectHolder.getBusDevice(S7ConnectHolder.java:59)
	at org.example.s7.sup.S7IpGroupQueryer.lambda$query$0(S7IpGroupQueryer.java:64)
	at java.util.concurrent.FutureTask.run(FutureTask.java:266)
	at java.util.concurrent.ThreadPoolExecutor.runWorker(ThreadPoolExecutor.java:1149)
	at java.util.concurrent.ThreadPoolExecutor$Worker.run(ThreadPoolExecutor.java:624)
	at java.lang.Thread.run(Thread.java:748)
Caused by: com.github.s7connector.exception.S7Exception: constructor
	at com.github.s7connector.impl.S7TCPConnection.setupSocket(S7TCPConnection.java:120)
	at com.github.s7connector.impl.S7TCPConnection.<init>(S7TCPConnection.java:83)
	at com.github.s7connector.api.factory.S7ConnectorFactory$TCPConnectionBuilder.build(S7ConnectorFactory.java:43)
	at org.example.s7.device.S7Device.connect(S7Device.java:31)
	... 7 more
Caused by: java.net.SocketTimeoutException: connect timed out
	at java.net.DualStackPlainSocketImpl.waitForConnect(Native Method)
	at java.net.DualStackPlainSocketImpl.socketConnect(DualStackPlainSocketImpl.java:85)
	at java.net.AbstractPlainSocketImpl.doConnect(AbstractPlainSocketImpl.java:350)
	at java.net.AbstractPlainSocketImpl.connectToAddress(AbstractPlainSocketImpl.java:206)
	at java.net.AbstractPlainSocketImpl.connect(AbstractPlainSocketImpl.java:188)
	at java.net.PlainSocketImpl.connect(PlainSocketImpl.java:172)
	at java.net.SocksSocketImpl.connect(SocksSocketImpl.java:392)
	at java.net.Socket.connect(Socket.java:606)
	at com.github.s7connector.impl.S7TCPConnection.setupSocket(S7TCPConnection.java:108)
	... 10 more
[ERROR] 2020-11-10 11:53:48,819 [pool-1-thread-1][org.example.s7.sup.S7IpGroupQueryer][line:85]  ip: [192.168.0.190], address: [DB1.DBB1] 查询报错！
org.example.s7.device.S7DeviceException: ip:192.168.0.190 plc连接不上！
	at org.example.s7.device.S7Device.connect(S7Device.java:34)
	at org.example.s7.bus.S7BusDevice.connect(S7BusDevice.java:56)
	at org.example.s7.sup.S7ConnectHolder.getBusDevice(S7ConnectHolder.java:59)
	at org.example.s7.sup.S7IpGroupQueryer.lambda$query$0(S7IpGroupQueryer.java:64)
	at java.util.concurrent.FutureTask.run(FutureTask.java:266)
	at java.util.concurrent.ThreadPoolExecutor.runWorker(ThreadPoolExecutor.java:1149)
	at java.util.concurrent.ThreadPoolExecutor$Worker.run(ThreadPoolExecutor.java:624)
	at java.lang.Thread.run(Thread.java:748)
Caused by: com.github.s7connector.exception.S7Exception: constructor
	at com.github.s7connector.impl.S7TCPConnection.setupSocket(S7TCPConnection.java:120)
	at com.github.s7connector.impl.S7TCPConnection.<init>(S7TCPConnection.java:83)
	at com.github.s7connector.api.factory.S7ConnectorFactory$TCPConnectionBuilder.build(S7ConnectorFactory.java:43)
	at org.example.s7.device.S7Device.connect(S7Device.java:31)
	... 7 more
Caused by: java.net.SocketTimeoutException: connect timed out
	at java.net.DualStackPlainSocketImpl.waitForConnect(Native Method)
	at java.net.DualStackPlainSocketImpl.socketConnect(DualStackPlainSocketImpl.java:85)
	at java.net.AbstractPlainSocketImpl.doConnect(AbstractPlainSocketImpl.java:350)
	at java.net.AbstractPlainSocketImpl.connectToAddress(AbstractPlainSocketImpl.java:206)
	at java.net.AbstractPlainSocketImpl.connect(AbstractPlainSocketImpl.java:188)
	at java.net.PlainSocketImpl.connect(PlainSocketImpl.java:172)
	at java.net.SocksSocketImpl.connect(SocksSocketImpl.java:392)
	at java.net.Socket.connect(Socket.java:606)
	at com.github.s7connector.impl.S7TCPConnection.setupSocket(S7TCPConnection.java:108)
	... 10 more
[ERROR] 2020-11-10 11:53:50,819 [pool-1-thread-1][org.example.s7.sup.S7IpGroupQueryer][line:85]  ip: [192.168.0.190], address: [DB1.DBB0] 查询报错！
org.example.s7.device.S7DeviceException: ip:192.168.0.190 plc连接不上！
	at org.example.s7.device.S7Device.connect(S7Device.java:34)
	at org.example.s7.bus.S7BusDevice.connect(S7BusDevice.java:56)
	at org.example.s7.sup.S7ConnectHolder.getBusDevice(S7ConnectHolder.java:59)
	at org.example.s7.sup.S7IpGroupQueryer.lambda$query$0(S7IpGroupQueryer.java:64)
	at java.util.concurrent.FutureTask.run(FutureTask.java:266)
	at java.util.concurrent.ThreadPoolExecutor.runWorker(ThreadPoolExecutor.java:1149)
	at java.util.concurrent.ThreadPoolExecutor$Worker.run(ThreadPoolExecutor.java:624)
	at java.lang.Thread.run(Thread.java:748)
Caused by: com.github.s7connector.exception.S7Exception: constructor
	at com.github.s7connector.impl.S7TCPConnection.setupSocket(S7TCPConnection.java:120)
	at com.github.s7connector.impl.S7TCPConnection.<init>(S7TCPConnection.java:83)
	at com.github.s7connector.api.factory.S7ConnectorFactory$TCPConnectionBuilder.build(S7ConnectorFactory.java:43)
	at org.example.s7.device.S7Device.connect(S7Device.java:31)
	... 7 more
Caused by: java.net.SocketTimeoutException: connect timed out
	at java.net.DualStackPlainSocketImpl.waitForConnect(Native Method)
	at java.net.DualStackPlainSocketImpl.socketConnect(DualStackPlainSocketImpl.java:85)
	at java.net.AbstractPlainSocketImpl.doConnect(AbstractPlainSocketImpl.java:350)
	at java.net.AbstractPlainSocketImpl.connectToAddress(AbstractPlainSocketImpl.java:206)
	at java.net.AbstractPlainSocketImpl.connect(AbstractPlainSocketImpl.java:188)
	at java.net.PlainSocketImpl.connect(PlainSocketImpl.java:172)
	at java.net.SocksSocketImpl.connect(SocksSocketImpl.java:392)
	at java.net.Socket.connect(Socket.java:606)
	at com.github.s7connector.impl.S7TCPConnection.setupSocket(S7TCPConnection.java:108)
	... 10 more
[ERROR] 2020-11-10 11:53:52,823 [pool-1-thread-1][org.example.s7.sup.S7IpGroupQueryer][line:85]  ip: [192.168.0.190], address: [DB1.DBB1] 查询报错！
org.example.s7.device.S7DeviceException: ip:192.168.0.190 plc连接不上！
	at org.example.s7.device.S7Device.connect(S7Device.java:34)
	at org.example.s7.bus.S7BusDevice.connect(S7BusDevice.java:56)
	at org.example.s7.sup.S7ConnectHolder.getBusDevice(S7ConnectHolder.java:59)
	at org.example.s7.sup.S7IpGroupQueryer.lambda$query$0(S7IpGroupQueryer.java:64)
	at java.util.concurrent.FutureTask.run(FutureTask.java:266)
	at java.util.concurrent.ThreadPoolExecutor.runWorker(ThreadPoolExecutor.java:1149)
	at java.util.concurrent.ThreadPoolExecutor$Worker.run(ThreadPoolExecutor.java:624)
	at java.lang.Thread.run(Thread.java:748)
Caused by: com.github.s7connector.exception.S7Exception: constructor
	at com.github.s7connector.impl.S7TCPConnection.setupSocket(S7TCPConnection.java:120)
	at com.github.s7connector.impl.S7TCPConnection.<init>(S7TCPConnection.java:83)
	at com.github.s7connector.api.factory.S7ConnectorFactory$TCPConnectionBuilder.build(S7ConnectorFactory.java:43)
	at org.example.s7.device.S7Device.connect(S7Device.java:31)
	... 7 more
Caused by: java.net.SocketTimeoutException: connect timed out
	at java.net.DualStackPlainSocketImpl.waitForConnect(Native Method)
	at java.net.DualStackPlainSocketImpl.socketConnect(DualStackPlainSocketImpl.java:85)
	at java.net.AbstractPlainSocketImpl.doConnect(AbstractPlainSocketImpl.java:350)
	at java.net.AbstractPlainSocketImpl.connectToAddress(AbstractPlainSocketImpl.java:206)
	at java.net.AbstractPlainSocketImpl.connect(AbstractPlainSocketImpl.java:188)
	at java.net.PlainSocketImpl.connect(PlainSocketImpl.java:172)
	at java.net.SocksSocketImpl.connect(SocksSocketImpl.java:392)
	at java.net.Socket.connect(Socket.java:606)
	at com.github.s7connector.impl.S7TCPConnection.setupSocket(S7TCPConnection.java:108)
	... 10 more
[ERROR] 2020-11-10 11:53:54,826 [pool-1-thread-1][org.example.s7.sup.S7IpGroupQueryer][line:85]  ip: [192.168.0.190], address: [DB1.DBB0] 查询报错！
org.example.s7.device.S7DeviceException: ip:192.168.0.190 plc连接不上！
	at org.example.s7.device.S7Device.connect(S7Device.java:34)
	at org.example.s7.bus.S7BusDevice.connect(S7BusDevice.java:56)
	at org.example.s7.sup.S7ConnectHolder.getBusDevice(S7ConnectHolder.java:59)
	at org.example.s7.sup.S7IpGroupQueryer.lambda$query$0(S7IpGroupQueryer.java:64)
	at java.util.concurrent.FutureTask.run(FutureTask.java:266)
	at java.util.concurrent.ThreadPoolExecutor.runWorker(ThreadPoolExecutor.java:1149)
	at java.util.concurrent.ThreadPoolExecutor$Worker.run(ThreadPoolExecutor.java:624)
	at java.lang.Thread.run(Thread.java:748)
Caused by: com.github.s7connector.exception.S7Exception: constructor
	at com.github.s7connector.impl.S7TCPConnection.setupSocket(S7TCPConnection.java:120)
	at com.github.s7connector.impl.S7TCPConnection.<init>(S7TCPConnection.java:83)
	at com.github.s7connector.api.factory.S7ConnectorFactory$TCPConnectionBuilder.build(S7ConnectorFactory.java:43)
	at org.example.s7.device.S7Device.connect(S7Device.java:31)
	... 7 more
Caused by: java.net.SocketTimeoutException: connect timed out
	at java.net.DualStackPlainSocketImpl.waitForConnect(Native Method)
	at java.net.DualStackPlainSocketImpl.socketConnect(DualStackPlainSocketImpl.java:85)
	at java.net.AbstractPlainSocketImpl.doConnect(AbstractPlainSocketImpl.java:350)
	at java.net.AbstractPlainSocketImpl.connectToAddress(AbstractPlainSocketImpl.java:206)
	at java.net.AbstractPlainSocketImpl.connect(AbstractPlainSocketImpl.java:188)
	at java.net.PlainSocketImpl.connect(PlainSocketImpl.java:172)
	at java.net.SocksSocketImpl.connect(SocksSocketImpl.java:392)
	at java.net.Socket.connect(Socket.java:606)
	at com.github.s7connector.impl.S7TCPConnection.setupSocket(S7TCPConnection.java:108)
	... 10 more
[ERROR] 2020-11-10 11:53:56,827 [pool-1-thread-1][org.example.s7.sup.S7IpGroupQueryer][line:85]  ip: [192.168.0.190], address: [DB1.DBB1] 查询报错！
org.example.s7.device.S7DeviceException: ip:192.168.0.190 plc连接不上！
	at org.example.s7.device.S7Device.connect(S7Device.java:34)
	at org.example.s7.bus.S7BusDevice.connect(S7BusDevice.java:56)
	at org.example.s7.sup.S7ConnectHolder.getBusDevice(S7ConnectHolder.java:59)
	at org.example.s7.sup.S7IpGroupQueryer.lambda$query$0(S7IpGroupQueryer.java:64)
	at java.util.concurrent.FutureTask.run(FutureTask.java:266)
	at java.util.concurrent.ThreadPoolExecutor.runWorker(ThreadPoolExecutor.java:1149)
	at java.util.concurrent.ThreadPoolExecutor$Worker.run(ThreadPoolExecutor.java:624)
	at java.lang.Thread.run(Thread.java:748)
Caused by: com.github.s7connector.exception.S7Exception: constructor
	at com.github.s7connector.impl.S7TCPConnection.setupSocket(S7TCPConnection.java:120)
	at com.github.s7connector.impl.S7TCPConnection.<init>(S7TCPConnection.java:83)
	at com.github.s7connector.api.factory.S7ConnectorFactory$TCPConnectionBuilder.build(S7ConnectorFactory.java:43)
	at org.example.s7.device.S7Device.connect(S7Device.java:31)
	... 7 more
Caused by: java.net.SocketTimeoutException: connect timed out
	at java.net.DualStackPlainSocketImpl.waitForConnect(Native Method)
	at java.net.DualStackPlainSocketImpl.socketConnect(DualStackPlainSocketImpl.java:85)
	at java.net.AbstractPlainSocketImpl.doConnect(AbstractPlainSocketImpl.java:350)
	at java.net.AbstractPlainSocketImpl.connectToAddress(AbstractPlainSocketImpl.java:206)
	at java.net.AbstractPlainSocketImpl.connect(AbstractPlainSocketImpl.java:188)
	at java.net.PlainSocketImpl.connect(PlainSocketImpl.java:172)
	at java.net.SocksSocketImpl.connect(SocksSocketImpl.java:392)
	at java.net.Socket.connect(Socket.java:606)
	at com.github.s7connector.impl.S7TCPConnection.setupSocket(S7TCPConnection.java:108)
	... 10 more
[ERROR] 2020-11-10 11:53:58,828 [pool-1-thread-1][org.example.s7.sup.S7IpGroupQueryer][line:85]  ip: [192.168.0.190], address: [DB1.DBB0] 查询报错！
org.example.s7.device.S7DeviceException: ip:192.168.0.190 plc连接不上！
	at org.example.s7.device.S7Device.connect(S7Device.java:34)
	at org.example.s7.bus.S7BusDevice.connect(S7BusDevice.java:56)
	at org.example.s7.sup.S7ConnectHolder.getBusDevice(S7ConnectHolder.java:59)
	at org.example.s7.sup.S7IpGroupQueryer.lambda$query$0(S7IpGroupQueryer.java:64)
	at java.util.concurrent.FutureTask.run(FutureTask.java:266)
	at java.util.concurrent.ThreadPoolExecutor.runWorker(ThreadPoolExecutor.java:1149)
	at java.util.concurrent.ThreadPoolExecutor$Worker.run(ThreadPoolExecutor.java:624)
	at java.lang.Thread.run(Thread.java:748)
Caused by: com.github.s7connector.exception.S7Exception: constructor
	at com.github.s7connector.impl.S7TCPConnection.setupSocket(S7TCPConnection.java:120)
	at com.github.s7connector.impl.S7TCPConnection.<init>(S7TCPConnection.java:83)
	at com.github.s7connector.api.factory.S7ConnectorFactory$TCPConnectionBuilder.build(S7ConnectorFactory.java:43)
	at org.example.s7.device.S7Device.connect(S7Device.java:31)
	... 7 more
Caused by: java.net.SocketTimeoutException: connect timed out
	at java.net.DualStackPlainSocketImpl.waitForConnect(Native Method)
	at java.net.DualStackPlainSocketImpl.socketConnect(DualStackPlainSocketImpl.java:85)
	at java.net.AbstractPlainSocketImpl.doConnect(AbstractPlainSocketImpl.java:350)
	at java.net.AbstractPlainSocketImpl.connectToAddress(AbstractPlainSocketImpl.java:206)
	at java.net.AbstractPlainSocketImpl.connect(AbstractPlainSocketImpl.java:188)
	at java.net.PlainSocketImpl.connect(PlainSocketImpl.java:172)
	at java.net.SocksSocketImpl.connect(SocksSocketImpl.java:392)
	at java.net.Socket.connect(Socket.java:606)
	at com.github.s7connector.impl.S7TCPConnection.setupSocket(S7TCPConnection.java:108)
	... 10 more
[ERROR] 2020-11-10 11:54:00,831 [pool-1-thread-1][org.example.s7.sup.S7IpGroupQueryer][line:85]  ip: [192.168.0.190], address: [DB1.DBB1] 查询报错！
org.example.s7.device.S7DeviceException: ip:192.168.0.190 plc连接不上！
	at org.example.s7.device.S7Device.connect(S7Device.java:34)
	at org.example.s7.bus.S7BusDevice.connect(S7BusDevice.java:56)
	at org.example.s7.sup.S7ConnectHolder.getBusDevice(S7ConnectHolder.java:59)
	at org.example.s7.sup.S7IpGroupQueryer.lambda$query$0(S7IpGroupQueryer.java:64)
	at java.util.concurrent.FutureTask.run(FutureTask.java:266)
	at java.util.concurrent.ThreadPoolExecutor.runWorker(ThreadPoolExecutor.java:1149)
	at java.util.concurrent.ThreadPoolExecutor$Worker.run(ThreadPoolExecutor.java:624)
	at java.lang.Thread.run(Thread.java:748)
Caused by: com.github.s7connector.exception.S7Exception: constructor
	at com.github.s7connector.impl.S7TCPConnection.setupSocket(S7TCPConnection.java:120)
	at com.github.s7connector.impl.S7TCPConnection.<init>(S7TCPConnection.java:83)
	at com.github.s7connector.api.factory.S7ConnectorFactory$TCPConnectionBuilder.build(S7ConnectorFactory.java:43)
	at org.example.s7.device.S7Device.connect(S7Device.java:31)
	... 7 more
Caused by: java.net.SocketTimeoutException: connect timed out
	at java.net.DualStackPlainSocketImpl.waitForConnect(Native Method)
	at java.net.DualStackPlainSocketImpl.socketConnect(DualStackPlainSocketImpl.java:85)
	at java.net.AbstractPlainSocketImpl.doConnect(AbstractPlainSocketImpl.java:350)
	at java.net.AbstractPlainSocketImpl.connectToAddress(AbstractPlainSocketImpl.java:206)
	at java.net.AbstractPlainSocketImpl.connect(AbstractPlainSocketImpl.java:188)
	at java.net.PlainSocketImpl.connect(PlainSocketImpl.java:172)
	at java.net.SocksSocketImpl.connect(SocksSocketImpl.java:392)
	at java.net.Socket.connect(Socket.java:606)
	at com.github.s7connector.impl.S7TCPConnection.setupSocket(S7TCPConnection.java:108)
	... 10 more
[ERROR] 2020-11-10 11:54:02,832 [pool-1-thread-1][org.example.s7.sup.S7IpGroupQueryer][line:85]  ip: [192.168.0.190], address: [DB1.DBB0] 查询报错！
org.example.s7.device.S7DeviceException: ip:192.168.0.190 plc连接不上！
	at org.example.s7.device.S7Device.connect(S7Device.java:34)
	at org.example.s7.bus.S7BusDevice.connect(S7BusDevice.java:56)
	at org.example.s7.sup.S7ConnectHolder.getBusDevice(S7ConnectHolder.java:59)
	at org.example.s7.sup.S7IpGroupQueryer.lambda$query$0(S7IpGroupQueryer.java:64)
	at java.util.concurrent.FutureTask.run(FutureTask.java:266)
	at java.util.concurrent.ThreadPoolExecutor.runWorker(ThreadPoolExecutor.java:1149)
	at java.util.concurrent.ThreadPoolExecutor$Worker.run(ThreadPoolExecutor.java:624)
	at java.lang.Thread.run(Thread.java:748)
Caused by: com.github.s7connector.exception.S7Exception: constructor
	at com.github.s7connector.impl.S7TCPConnection.setupSocket(S7TCPConnection.java:120)
	at com.github.s7connector.impl.S7TCPConnection.<init>(S7TCPConnection.java:83)
	at com.github.s7connector.api.factory.S7ConnectorFactory$TCPConnectionBuilder.build(S7ConnectorFactory.java:43)
	at org.example.s7.device.S7Device.connect(S7Device.java:31)
	... 7 more
Caused by: java.net.SocketTimeoutException: connect timed out
	at java.net.DualStackPlainSocketImpl.waitForConnect(Native Method)
	at java.net.DualStackPlainSocketImpl.socketConnect(DualStackPlainSocketImpl.java:85)
	at java.net.AbstractPlainSocketImpl.doConnect(AbstractPlainSocketImpl.java:350)
	at java.net.AbstractPlainSocketImpl.connectToAddress(AbstractPlainSocketImpl.java:206)
	at java.net.AbstractPlainSocketImpl.connect(AbstractPlainSocketImpl.java:188)
	at java.net.PlainSocketImpl.connect(PlainSocketImpl.java:172)
	at java.net.SocksSocketImpl.connect(SocksSocketImpl.java:392)
	at java.net.Socket.connect(Socket.java:606)
	at com.github.s7connector.impl.S7TCPConnection.setupSocket(S7TCPConnection.java:108)
	... 10 more
[ERROR] 2020-11-10 11:54:04,832 [pool-1-thread-1][org.example.s7.sup.S7IpGroupQueryer][line:85]  ip: [192.168.0.190], address: [DB1.DBB1] 查询报错！
org.example.s7.device.S7DeviceException: ip:192.168.0.190 plc连接不上！
	at org.example.s7.device.S7Device.connect(S7Device.java:34)
	at org.example.s7.bus.S7BusDevice.connect(S7BusDevice.java:56)
	at org.example.s7.sup.S7ConnectHolder.getBusDevice(S7ConnectHolder.java:59)
	at org.example.s7.sup.S7IpGroupQueryer.lambda$query$0(S7IpGroupQueryer.java:64)
	at java.util.concurrent.FutureTask.run(FutureTask.java:266)
	at java.util.concurrent.ThreadPoolExecutor.runWorker(ThreadPoolExecutor.java:1149)
	at java.util.concurrent.ThreadPoolExecutor$Worker.run(ThreadPoolExecutor.java:624)
	at java.lang.Thread.run(Thread.java:748)
Caused by: com.github.s7connector.exception.S7Exception: constructor
	at com.github.s7connector.impl.S7TCPConnection.setupSocket(S7TCPConnection.java:120)
	at com.github.s7connector.impl.S7TCPConnection.<init>(S7TCPConnection.java:83)
	at com.github.s7connector.api.factory.S7ConnectorFactory$TCPConnectionBuilder.build(S7ConnectorFactory.java:43)
	at org.example.s7.device.S7Device.connect(S7Device.java:31)
	... 7 more
Caused by: java.net.SocketTimeoutException: connect timed out
	at java.net.DualStackPlainSocketImpl.waitForConnect(Native Method)
	at java.net.DualStackPlainSocketImpl.socketConnect(DualStackPlainSocketImpl.java:85)
	at java.net.AbstractPlainSocketImpl.doConnect(AbstractPlainSocketImpl.java:350)
	at java.net.AbstractPlainSocketImpl.connectToAddress(AbstractPlainSocketImpl.java:206)
	at java.net.AbstractPlainSocketImpl.connect(AbstractPlainSocketImpl.java:188)
	at java.net.PlainSocketImpl.connect(PlainSocketImpl.java:172)
	at java.net.SocksSocketImpl.connect(SocksSocketImpl.java:392)
	at java.net.Socket.connect(Socket.java:606)
	at com.github.s7connector.impl.S7TCPConnection.setupSocket(S7TCPConnection.java:108)
	... 10 more
[ERROR] 2020-11-10 11:54:06,833 [pool-1-thread-1][org.example.s7.sup.S7IpGroupQueryer][line:85]  ip: [192.168.0.190], address: [DB1.DBB0] 查询报错！
org.example.s7.device.S7DeviceException: ip:192.168.0.190 plc连接不上！
	at org.example.s7.device.S7Device.connect(S7Device.java:34)
	at org.example.s7.bus.S7BusDevice.connect(S7BusDevice.java:56)
	at org.example.s7.sup.S7ConnectHolder.getBusDevice(S7ConnectHolder.java:59)
	at org.example.s7.sup.S7IpGroupQueryer.lambda$query$0(S7IpGroupQueryer.java:64)
	at java.util.concurrent.FutureTask.run(FutureTask.java:266)
	at java.util.concurrent.ThreadPoolExecutor.runWorker(ThreadPoolExecutor.java:1149)
	at java.util.concurrent.ThreadPoolExecutor$Worker.run(ThreadPoolExecutor.java:624)
	at java.lang.Thread.run(Thread.java:748)
Caused by: com.github.s7connector.exception.S7Exception: constructor
	at com.github.s7connector.impl.S7TCPConnection.setupSocket(S7TCPConnection.java:120)
	at com.github.s7connector.impl.S7TCPConnection.<init>(S7TCPConnection.java:83)
	at com.github.s7connector.api.factory.S7ConnectorFactory$TCPConnectionBuilder.build(S7ConnectorFactory.java:43)
	at org.example.s7.device.S7Device.connect(S7Device.java:31)
	... 7 more
Caused by: java.net.SocketTimeoutException: connect timed out
	at java.net.DualStackPlainSocketImpl.waitForConnect(Native Method)
	at java.net.DualStackPlainSocketImpl.socketConnect(DualStackPlainSocketImpl.java:85)
	at java.net.AbstractPlainSocketImpl.doConnect(AbstractPlainSocketImpl.java:350)
	at java.net.AbstractPlainSocketImpl.connectToAddress(AbstractPlainSocketImpl.java:206)
	at java.net.AbstractPlainSocketImpl.connect(AbstractPlainSocketImpl.java:188)
	at java.net.PlainSocketImpl.connect(PlainSocketImpl.java:172)
	at java.net.SocksSocketImpl.connect(SocksSocketImpl.java:392)
	at java.net.Socket.connect(Socket.java:606)
	at com.github.s7connector.impl.S7TCPConnection.setupSocket(S7TCPConnection.java:108)
	... 10 more
[ERROR] 2020-11-10 11:54:08,834 [pool-1-thread-1][org.example.s7.sup.S7IpGroupQueryer][line:85]  ip: [192.168.0.190], address: [DB1.DBB1] 查询报错！
org.example.s7.device.S7DeviceException: ip:192.168.0.190 plc连接不上！
	at org.example.s7.device.S7Device.connect(S7Device.java:34)
	at org.example.s7.bus.S7BusDevice.connect(S7BusDevice.java:56)
	at org.example.s7.sup.S7ConnectHolder.getBusDevice(S7ConnectHolder.java:59)
	at org.example.s7.sup.S7IpGroupQueryer.lambda$query$0(S7IpGroupQueryer.java:64)
	at java.util.concurrent.FutureTask.run(FutureTask.java:266)
	at java.util.concurrent.ThreadPoolExecutor.runWorker(ThreadPoolExecutor.java:1149)
	at java.util.concurrent.ThreadPoolExecutor$Worker.run(ThreadPoolExecutor.java:624)
	at java.lang.Thread.run(Thread.java:748)
Caused by: com.github.s7connector.exception.S7Exception: constructor
	at com.github.s7connector.impl.S7TCPConnection.setupSocket(S7TCPConnection.java:120)
	at com.github.s7connector.impl.S7TCPConnection.<init>(S7TCPConnection.java:83)
	at com.github.s7connector.api.factory.S7ConnectorFactory$TCPConnectionBuilder.build(S7ConnectorFactory.java:43)
	at org.example.s7.device.S7Device.connect(S7Device.java:31)
	... 7 more
Caused by: java.net.SocketTimeoutException: connect timed out
	at java.net.DualStackPlainSocketImpl.waitForConnect(Native Method)
	at java.net.DualStackPlainSocketImpl.socketConnect(DualStackPlainSocketImpl.java:85)
	at java.net.AbstractPlainSocketImpl.doConnect(AbstractPlainSocketImpl.java:350)
	at java.net.AbstractPlainSocketImpl.connectToAddress(AbstractPlainSocketImpl.java:206)
	at java.net.AbstractPlainSocketImpl.connect(AbstractPlainSocketImpl.java:188)
	at java.net.PlainSocketImpl.connect(PlainSocketImpl.java:172)
	at java.net.SocksSocketImpl.connect(SocksSocketImpl.java:392)
	at java.net.Socket.connect(Socket.java:606)
	at com.github.s7connector.impl.S7TCPConnection.setupSocket(S7TCPConnection.java:108)
	... 10 more
[ERROR] 2020-11-10 11:54:10,835 [pool-1-thread-1][org.example.s7.sup.S7IpGroupQueryer][line:85]  ip: [192.168.0.190], address: [DB1.DBB0] 查询报错！
org.example.s7.device.S7DeviceException: ip:192.168.0.190 plc连接不上！
	at org.example.s7.device.S7Device.connect(S7Device.java:34)
	at org.example.s7.bus.S7BusDevice.connect(S7BusDevice.java:56)
	at org.example.s7.sup.S7ConnectHolder.getBusDevice(S7ConnectHolder.java:59)
	at org.example.s7.sup.S7IpGroupQueryer.lambda$query$0(S7IpGroupQueryer.java:64)
	at java.util.concurrent.FutureTask.run(FutureTask.java:266)
	at java.util.concurrent.ThreadPoolExecutor.runWorker(ThreadPoolExecutor.java:1149)
	at java.util.concurrent.ThreadPoolExecutor$Worker.run(ThreadPoolExecutor.java:624)
	at java.lang.Thread.run(Thread.java:748)
Caused by: com.github.s7connector.exception.S7Exception: constructor
	at com.github.s7connector.impl.S7TCPConnection.setupSocket(S7TCPConnection.java:120)
	at com.github.s7connector.impl.S7TCPConnection.<init>(S7TCPConnection.java:83)
	at com.github.s7connector.api.factory.S7ConnectorFactory$TCPConnectionBuilder.build(S7ConnectorFactory.java:43)
	at org.example.s7.device.S7Device.connect(S7Device.java:31)
	... 7 more
Caused by: java.net.SocketTimeoutException: connect timed out
	at java.net.DualStackPlainSocketImpl.waitForConnect(Native Method)
	at java.net.DualStackPlainSocketImpl.socketConnect(DualStackPlainSocketImpl.java:85)
	at java.net.AbstractPlainSocketImpl.doConnect(AbstractPlainSocketImpl.java:350)
	at java.net.AbstractPlainSocketImpl.connectToAddress(AbstractPlainSocketImpl.java:206)
	at java.net.AbstractPlainSocketImpl.connect(AbstractPlainSocketImpl.java:188)
	at java.net.PlainSocketImpl.connect(PlainSocketImpl.java:172)
	at java.net.SocksSocketImpl.connect(SocksSocketImpl.java:392)
	at java.net.Socket.connect(Socket.java:606)
	at com.github.s7connector.impl.S7TCPConnection.setupSocket(S7TCPConnection.java:108)
	... 10 more
[ERROR] 2020-11-10 11:54:12,837 [pool-1-thread-1][org.example.s7.sup.S7IpGroupQueryer][line:85]  ip: [192.168.0.190], address: [DB1.DBB1] 查询报错！
org.example.s7.device.S7DeviceException: ip:192.168.0.190 plc连接不上！
	at org.example.s7.device.S7Device.connect(S7Device.java:34)
	at org.example.s7.bus.S7BusDevice.connect(S7BusDevice.java:56)
	at org.example.s7.sup.S7ConnectHolder.getBusDevice(S7ConnectHolder.java:59)
	at org.example.s7.sup.S7IpGroupQueryer.lambda$query$0(S7IpGroupQueryer.java:64)
	at java.util.concurrent.FutureTask.run(FutureTask.java:266)
	at java.util.concurrent.ThreadPoolExecutor.runWorker(ThreadPoolExecutor.java:1149)
	at java.util.concurrent.ThreadPoolExecutor$Worker.run(ThreadPoolExecutor.java:624)
	at java.lang.Thread.run(Thread.java:748)
Caused by: com.github.s7connector.exception.S7Exception: constructor
	at com.github.s7connector.impl.S7TCPConnection.setupSocket(S7TCPConnection.java:120)
	at com.github.s7connector.impl.S7TCPConnection.<init>(S7TCPConnection.java:83)
	at com.github.s7connector.api.factory.S7ConnectorFactory$TCPConnectionBuilder.build(S7ConnectorFactory.java:43)
	at org.example.s7.device.S7Device.connect(S7Device.java:31)
	... 7 more
Caused by: java.net.SocketTimeoutException: connect timed out
	at java.net.DualStackPlainSocketImpl.waitForConnect(Native Method)
	at java.net.DualStackPlainSocketImpl.socketConnect(DualStackPlainSocketImpl.java:85)
	at java.net.AbstractPlainSocketImpl.doConnect(AbstractPlainSocketImpl.java:350)
	at java.net.AbstractPlainSocketImpl.connectToAddress(AbstractPlainSocketImpl.java:206)
	at java.net.AbstractPlainSocketImpl.connect(AbstractPlainSocketImpl.java:188)
	at java.net.PlainSocketImpl.connect(PlainSocketImpl.java:172)
	at java.net.SocksSocketImpl.connect(SocksSocketImpl.java:392)
	at java.net.Socket.connect(Socket.java:606)
	at com.github.s7connector.impl.S7TCPConnection.setupSocket(S7TCPConnection.java:108)
	... 10 more
[ERROR] 2020-11-10 11:54:14,839 [pool-1-thread-1][org.example.s7.sup.S7IpGroupQueryer][line:85]  ip: [192.168.0.190], address: [DB1.DBB0] 查询报错！
org.example.s7.device.S7DeviceException: ip:192.168.0.190 plc连接不上！
	at org.example.s7.device.S7Device.connect(S7Device.java:34)
	at org.example.s7.bus.S7BusDevice.connect(S7BusDevice.java:56)
	at org.example.s7.sup.S7ConnectHolder.getBusDevice(S7ConnectHolder.java:59)
	at org.example.s7.sup.S7IpGroupQueryer.lambda$query$0(S7IpGroupQueryer.java:64)
	at java.util.concurrent.FutureTask.run(FutureTask.java:266)
	at java.util.concurrent.ThreadPoolExecutor.runWorker(ThreadPoolExecutor.java:1149)
	at java.util.concurrent.ThreadPoolExecutor$Worker.run(ThreadPoolExecutor.java:624)
	at java.lang.Thread.run(Thread.java:748)
Caused by: com.github.s7connector.exception.S7Exception: constructor
	at com.github.s7connector.impl.S7TCPConnection.setupSocket(S7TCPConnection.java:120)
	at com.github.s7connector.impl.S7TCPConnection.<init>(S7TCPConnection.java:83)
	at com.github.s7connector.api.factory.S7ConnectorFactory$TCPConnectionBuilder.build(S7ConnectorFactory.java:43)
	at org.example.s7.device.S7Device.connect(S7Device.java:31)
	... 7 more
Caused by: java.net.SocketTimeoutException: connect timed out
	at java.net.DualStackPlainSocketImpl.waitForConnect(Native Method)
	at java.net.DualStackPlainSocketImpl.socketConnect(DualStackPlainSocketImpl.java:85)
	at java.net.AbstractPlainSocketImpl.doConnect(AbstractPlainSocketImpl.java:350)
	at java.net.AbstractPlainSocketImpl.connectToAddress(AbstractPlainSocketImpl.java:206)
	at java.net.AbstractPlainSocketImpl.connect(AbstractPlainSocketImpl.java:188)
	at java.net.PlainSocketImpl.connect(PlainSocketImpl.java:172)
	at java.net.SocksSocketImpl.connect(SocksSocketImpl.java:392)
	at java.net.Socket.connect(Socket.java:606)
	at com.github.s7connector.impl.S7TCPConnection.setupSocket(S7TCPConnection.java:108)
	... 10 more
[ERROR] 2020-11-10 11:54:16,839 [pool-1-thread-1][org.example.s7.sup.S7IpGroupQueryer][line:85]  ip: [192.168.0.190], address: [DB1.DBB1] 查询报错！
org.example.s7.device.S7DeviceException: ip:192.168.0.190 plc连接不上！
	at org.example.s7.device.S7Device.connect(S7Device.java:34)
	at org.example.s7.bus.S7BusDevice.connect(S7BusDevice.java:56)
	at org.example.s7.sup.S7ConnectHolder.getBusDevice(S7ConnectHolder.java:59)
	at org.example.s7.sup.S7IpGroupQueryer.lambda$query$0(S7IpGroupQueryer.java:64)
	at java.util.concurrent.FutureTask.run(FutureTask.java:266)
	at java.util.concurrent.ThreadPoolExecutor.runWorker(ThreadPoolExecutor.java:1149)
	at java.util.concurrent.ThreadPoolExecutor$Worker.run(ThreadPoolExecutor.java:624)
	at java.lang.Thread.run(Thread.java:748)
Caused by: com.github.s7connector.exception.S7Exception: constructor
	at com.github.s7connector.impl.S7TCPConnection.setupSocket(S7TCPConnection.java:120)
	at com.github.s7connector.impl.S7TCPConnection.<init>(S7TCPConnection.java:83)
	at com.github.s7connector.api.factory.S7ConnectorFactory$TCPConnectionBuilder.build(S7ConnectorFactory.java:43)
	at org.example.s7.device.S7Device.connect(S7Device.java:31)
	... 7 more
Caused by: java.net.SocketTimeoutException: connect timed out
	at java.net.DualStackPlainSocketImpl.waitForConnect(Native Method)
	at java.net.DualStackPlainSocketImpl.socketConnect(DualStackPlainSocketImpl.java:85)
	at java.net.AbstractPlainSocketImpl.doConnect(AbstractPlainSocketImpl.java:350)
	at java.net.AbstractPlainSocketImpl.connectToAddress(AbstractPlainSocketImpl.java:206)
	at java.net.AbstractPlainSocketImpl.connect(AbstractPlainSocketImpl.java:188)
	at java.net.PlainSocketImpl.connect(PlainSocketImpl.java:172)
	at java.net.SocksSocketImpl.connect(SocksSocketImpl.java:392)
	at java.net.Socket.connect(Socket.java:606)
	at com.github.s7connector.impl.S7TCPConnection.setupSocket(S7TCPConnection.java:108)
	... 10 more
[ERROR] 2020-11-10 11:54:18,841 [pool-1-thread-1][org.example.s7.sup.S7IpGroupQueryer][line:85]  ip: [192.168.0.190], address: [DB1.DBB0] 查询报错！
org.example.s7.device.S7DeviceException: ip:192.168.0.190 plc连接不上！
	at org.example.s7.device.S7Device.connect(S7Device.java:34)
	at org.example.s7.bus.S7BusDevice.connect(S7BusDevice.java:56)
	at org.example.s7.sup.S7ConnectHolder.getBusDevice(S7ConnectHolder.java:59)
	at org.example.s7.sup.S7IpGroupQueryer.lambda$query$0(S7IpGroupQueryer.java:64)
	at java.util.concurrent.FutureTask.run(FutureTask.java:266)
	at java.util.concurrent.ThreadPoolExecutor.runWorker(ThreadPoolExecutor.java:1149)
	at java.util.concurrent.ThreadPoolExecutor$Worker.run(ThreadPoolExecutor.java:624)
	at java.lang.Thread.run(Thread.java:748)
Caused by: com.github.s7connector.exception.S7Exception: constructor
	at com.github.s7connector.impl.S7TCPConnection.setupSocket(S7TCPConnection.java:120)
	at com.github.s7connector.impl.S7TCPConnection.<init>(S7TCPConnection.java:83)
	at com.github.s7connector.api.factory.S7ConnectorFactory$TCPConnectionBuilder.build(S7ConnectorFactory.java:43)
	at org.example.s7.device.S7Device.connect(S7Device.java:31)
	... 7 more
Caused by: java.net.SocketTimeoutException: connect timed out
	at java.net.DualStackPlainSocketImpl.waitForConnect(Native Method)
	at java.net.DualStackPlainSocketImpl.socketConnect(DualStackPlainSocketImpl.java:85)
	at java.net.AbstractPlainSocketImpl.doConnect(AbstractPlainSocketImpl.java:350)
	at java.net.AbstractPlainSocketImpl.connectToAddress(AbstractPlainSocketImpl.java:206)
	at java.net.AbstractPlainSocketImpl.connect(AbstractPlainSocketImpl.java:188)
	at java.net.PlainSocketImpl.connect(PlainSocketImpl.java:172)
	at java.net.SocksSocketImpl.connect(SocksSocketImpl.java:392)
	at java.net.Socket.connect(Socket.java:606)
	at com.github.s7connector.impl.S7TCPConnection.setupSocket(S7TCPConnection.java:108)
	... 10 more
[ERROR] 2020-11-10 11:54:20,846 [pool-1-thread-1][org.example.s7.sup.S7IpGroupQueryer][line:85]  ip: [192.168.0.190], address: [DB1.DBB1] 查询报错！
org.example.s7.device.S7DeviceException: ip:192.168.0.190 plc连接不上！
	at org.example.s7.device.S7Device.connect(S7Device.java:34)
	at org.example.s7.bus.S7BusDevice.connect(S7BusDevice.java:56)
	at org.example.s7.sup.S7ConnectHolder.getBusDevice(S7ConnectHolder.java:59)
	at org.example.s7.sup.S7IpGroupQueryer.lambda$query$0(S7IpGroupQueryer.java:64)
	at java.util.concurrent.FutureTask.run(FutureTask.java:266)
	at java.util.concurrent.ThreadPoolExecutor.runWorker(ThreadPoolExecutor.java:1149)
	at java.util.concurrent.ThreadPoolExecutor$Worker.run(ThreadPoolExecutor.java:624)
	at java.lang.Thread.run(Thread.java:748)
Caused by: com.github.s7connector.exception.S7Exception: constructor
	at com.github.s7connector.impl.S7TCPConnection.setupSocket(S7TCPConnection.java:120)
	at com.github.s7connector.impl.S7TCPConnection.<init>(S7TCPConnection.java:83)
	at com.github.s7connector.api.factory.S7ConnectorFactory$TCPConnectionBuilder.build(S7ConnectorFactory.java:43)
	at org.example.s7.device.S7Device.connect(S7Device.java:31)
	... 7 more
Caused by: java.net.SocketTimeoutException: connect timed out
	at java.net.DualStackPlainSocketImpl.waitForConnect(Native Method)
	at java.net.DualStackPlainSocketImpl.socketConnect(DualStackPlainSocketImpl.java:85)
	at java.net.AbstractPlainSocketImpl.doConnect(AbstractPlainSocketImpl.java:350)
	at java.net.AbstractPlainSocketImpl.connectToAddress(AbstractPlainSocketImpl.java:206)
	at java.net.AbstractPlainSocketImpl.connect(AbstractPlainSocketImpl.java:188)
	at java.net.PlainSocketImpl.connect(PlainSocketImpl.java:172)
	at java.net.SocksSocketImpl.connect(SocksSocketImpl.java:392)
	at java.net.Socket.connect(Socket.java:606)
	at com.github.s7connector.impl.S7TCPConnection.setupSocket(S7TCPConnection.java:108)
	... 10 more
[ERROR] 2020-11-10 11:54:22,846 [pool-1-thread-1][org.example.s7.sup.S7IpGroupQueryer][line:85]  ip: [192.168.0.190], address: [DB1.DBB0] 查询报错！
org.example.s7.device.S7DeviceException: ip:192.168.0.190 plc连接不上！
	at org.example.s7.device.S7Device.connect(S7Device.java:34)
	at org.example.s7.bus.S7BusDevice.connect(S7BusDevice.java:56)
	at org.example.s7.sup.S7ConnectHolder.getBusDevice(S7ConnectHolder.java:59)
	at org.example.s7.sup.S7IpGroupQueryer.lambda$query$0(S7IpGroupQueryer.java:64)
	at java.util.concurrent.FutureTask.run(FutureTask.java:266)
	at java.util.concurrent.ThreadPoolExecutor.runWorker(ThreadPoolExecutor.java:1149)
	at java.util.concurrent.ThreadPoolExecutor$Worker.run(ThreadPoolExecutor.java:624)
	at java.lang.Thread.run(Thread.java:748)
Caused by: com.github.s7connector.exception.S7Exception: constructor
	at com.github.s7connector.impl.S7TCPConnection.setupSocket(S7TCPConnection.java:120)
	at com.github.s7connector.impl.S7TCPConnection.<init>(S7TCPConnection.java:83)
	at com.github.s7connector.api.factory.S7ConnectorFactory$TCPConnectionBuilder.build(S7ConnectorFactory.java:43)
	at org.example.s7.device.S7Device.connect(S7Device.java:31)
	... 7 more
Caused by: java.net.SocketTimeoutException: connect timed out
	at java.net.DualStackPlainSocketImpl.waitForConnect(Native Method)
	at java.net.DualStackPlainSocketImpl.socketConnect(DualStackPlainSocketImpl.java:85)
	at java.net.AbstractPlainSocketImpl.doConnect(AbstractPlainSocketImpl.java:350)
	at java.net.AbstractPlainSocketImpl.connectToAddress(AbstractPlainSocketImpl.java:206)
	at java.net.AbstractPlainSocketImpl.connect(AbstractPlainSocketImpl.java:188)
	at java.net.PlainSocketImpl.connect(PlainSocketImpl.java:172)
	at java.net.SocksSocketImpl.connect(SocksSocketImpl.java:392)
	at java.net.Socket.connect(Socket.java:606)
	at com.github.s7connector.impl.S7TCPConnection.setupSocket(S7TCPConnection.java:108)
	... 10 more
[ERROR] 2020-11-10 11:54:24,848 [pool-1-thread-1][org.example.s7.sup.S7IpGroupQueryer][line:85]  ip: [192.168.0.190], address: [DB1.DBB1] 查询报错！
org.example.s7.device.S7DeviceException: ip:192.168.0.190 plc连接不上！
	at org.example.s7.device.S7Device.connect(S7Device.java:34)
	at org.example.s7.bus.S7BusDevice.connect(S7BusDevice.java:56)
	at org.example.s7.sup.S7ConnectHolder.getBusDevice(S7ConnectHolder.java:59)
	at org.example.s7.sup.S7IpGroupQueryer.lambda$query$0(S7IpGroupQueryer.java:64)
	at java.util.concurrent.FutureTask.run(FutureTask.java:266)
	at java.util.concurrent.ThreadPoolExecutor.runWorker(ThreadPoolExecutor.java:1149)
	at java.util.concurrent.ThreadPoolExecutor$Worker.run(ThreadPoolExecutor.java:624)
	at java.lang.Thread.run(Thread.java:748)
Caused by: com.github.s7connector.exception.S7Exception: constructor
	at com.github.s7connector.impl.S7TCPConnection.setupSocket(S7TCPConnection.java:120)
	at com.github.s7connector.impl.S7TCPConnection.<init>(S7TCPConnection.java:83)
	at com.github.s7connector.api.factory.S7ConnectorFactory$TCPConnectionBuilder.build(S7ConnectorFactory.java:43)
	at org.example.s7.device.S7Device.connect(S7Device.java:31)
	... 7 more
Caused by: java.net.SocketTimeoutException: connect timed out
	at java.net.DualStackPlainSocketImpl.waitForConnect(Native Method)
	at java.net.DualStackPlainSocketImpl.socketConnect(DualStackPlainSocketImpl.java:85)
	at java.net.AbstractPlainSocketImpl.doConnect(AbstractPlainSocketImpl.java:350)
	at java.net.AbstractPlainSocketImpl.connectToAddress(AbstractPlainSocketImpl.java:206)
	at java.net.AbstractPlainSocketImpl.connect(AbstractPlainSocketImpl.java:188)
	at java.net.PlainSocketImpl.connect(PlainSocketImpl.java:172)
	at java.net.SocksSocketImpl.connect(SocksSocketImpl.java:392)
	at java.net.Socket.connect(Socket.java:606)
	at com.github.s7connector.impl.S7TCPConnection.setupSocket(S7TCPConnection.java:108)
	... 10 more
[ERROR] 2020-11-10 11:54:26,848 [pool-1-thread-1][org.example.s7.sup.S7IpGroupQueryer][line:85]  ip: [192.168.0.190], address: [DB1.DBB0] 查询报错！
org.example.s7.device.S7DeviceException: ip:192.168.0.190 plc连接不上！
	at org.example.s7.device.S7Device.connect(S7Device.java:34)
	at org.example.s7.bus.S7BusDevice.connect(S7BusDevice.java:56)
	at org.example.s7.sup.S7ConnectHolder.getBusDevice(S7ConnectHolder.java:59)
	at org.example.s7.sup.S7IpGroupQueryer.lambda$query$0(S7IpGroupQueryer.java:64)
	at java.util.concurrent.FutureTask.run(FutureTask.java:266)
	at java.util.concurrent.ThreadPoolExecutor.runWorker(ThreadPoolExecutor.java:1149)
	at java.util.concurrent.ThreadPoolExecutor$Worker.run(ThreadPoolExecutor.java:624)
	at java.lang.Thread.run(Thread.java:748)
Caused by: com.github.s7connector.exception.S7Exception: constructor
	at com.github.s7connector.impl.S7TCPConnection.setupSocket(S7TCPConnection.java:120)
	at com.github.s7connector.impl.S7TCPConnection.<init>(S7TCPConnection.java:83)
	at com.github.s7connector.api.factory.S7ConnectorFactory$TCPConnectionBuilder.build(S7ConnectorFactory.java:43)
	at org.example.s7.device.S7Device.connect(S7Device.java:31)
	... 7 more
Caused by: java.net.SocketTimeoutException: connect timed out
	at java.net.DualStackPlainSocketImpl.waitForConnect(Native Method)
	at java.net.DualStackPlainSocketImpl.socketConnect(DualStackPlainSocketImpl.java:85)
	at java.net.AbstractPlainSocketImpl.doConnect(AbstractPlainSocketImpl.java:350)
	at java.net.AbstractPlainSocketImpl.connectToAddress(AbstractPlainSocketImpl.java:206)
	at java.net.AbstractPlainSocketImpl.connect(AbstractPlainSocketImpl.java:188)
	at java.net.PlainSocketImpl.connect(PlainSocketImpl.java:172)
	at java.net.SocksSocketImpl.connect(SocksSocketImpl.java:392)
	at java.net.Socket.connect(Socket.java:606)
	at com.github.s7connector.impl.S7TCPConnection.setupSocket(S7TCPConnection.java:108)
	... 10 more
[ERROR] 2020-11-10 11:54:28,849 [pool-1-thread-1][org.example.s7.sup.S7IpGroupQueryer][line:85]  ip: [192.168.0.190], address: [DB1.DBB1] 查询报错！
org.example.s7.device.S7DeviceException: ip:192.168.0.190 plc连接不上！
	at org.example.s7.device.S7Device.connect(S7Device.java:34)
	at org.example.s7.bus.S7BusDevice.connect(S7BusDevice.java:56)
	at org.example.s7.sup.S7ConnectHolder.getBusDevice(S7ConnectHolder.java:59)
	at org.example.s7.sup.S7IpGroupQueryer.lambda$query$0(S7IpGroupQueryer.java:64)
	at java.util.concurrent.FutureTask.run(FutureTask.java:266)
	at java.util.concurrent.ThreadPoolExecutor.runWorker(ThreadPoolExecutor.java:1149)
	at java.util.concurrent.ThreadPoolExecutor$Worker.run(ThreadPoolExecutor.java:624)
	at java.lang.Thread.run(Thread.java:748)
Caused by: com.github.s7connector.exception.S7Exception: constructor
	at com.github.s7connector.impl.S7TCPConnection.setupSocket(S7TCPConnection.java:120)
	at com.github.s7connector.impl.S7TCPConnection.<init>(S7TCPConnection.java:83)
	at com.github.s7connector.api.factory.S7ConnectorFactory$TCPConnectionBuilder.build(S7ConnectorFactory.java:43)
	at org.example.s7.device.S7Device.connect(S7Device.java:31)
	... 7 more
Caused by: java.net.SocketTimeoutException: connect timed out
	at java.net.DualStackPlainSocketImpl.waitForConnect(Native Method)
	at java.net.DualStackPlainSocketImpl.socketConnect(DualStackPlainSocketImpl.java:85)
	at java.net.AbstractPlainSocketImpl.doConnect(AbstractPlainSocketImpl.java:350)
	at java.net.AbstractPlainSocketImpl.connectToAddress(AbstractPlainSocketImpl.java:206)
	at java.net.AbstractPlainSocketImpl.connect(AbstractPlainSocketImpl.java:188)
	at java.net.PlainSocketImpl.connect(PlainSocketImpl.java:172)
	at java.net.SocksSocketImpl.connect(SocksSocketImpl.java:392)
	at java.net.Socket.connect(Socket.java:606)
	at com.github.s7connector.impl.S7TCPConnection.setupSocket(S7TCPConnection.java:108)
	... 10 more
[ERROR] 2020-11-10 11:54:30,851 [pool-1-thread-1][org.example.s7.sup.S7IpGroupQueryer][line:85]  ip: [192.168.0.190], address: [DB1.DBB0] 查询报错！
org.example.s7.device.S7DeviceException: ip:192.168.0.190 plc连接不上！
	at org.example.s7.device.S7Device.connect(S7Device.java:34)
	at org.example.s7.bus.S7BusDevice.connect(S7BusDevice.java:56)
	at org.example.s7.sup.S7ConnectHolder.getBusDevice(S7ConnectHolder.java:59)
	at org.example.s7.sup.S7IpGroupQueryer.lambda$query$0(S7IpGroupQueryer.java:64)
	at java.util.concurrent.FutureTask.run(FutureTask.java:266)
	at java.util.concurrent.ThreadPoolExecutor.runWorker(ThreadPoolExecutor.java:1149)
	at java.util.concurrent.ThreadPoolExecutor$Worker.run(ThreadPoolExecutor.java:624)
	at java.lang.Thread.run(Thread.java:748)
Caused by: com.github.s7connector.exception.S7Exception: constructor
	at com.github.s7connector.impl.S7TCPConnection.setupSocket(S7TCPConnection.java:120)
	at com.github.s7connector.impl.S7TCPConnection.<init>(S7TCPConnection.java:83)
	at com.github.s7connector.api.factory.S7ConnectorFactory$TCPConnectionBuilder.build(S7ConnectorFactory.java:43)
	at org.example.s7.device.S7Device.connect(S7Device.java:31)
	... 7 more
Caused by: java.net.SocketTimeoutException: connect timed out
	at java.net.DualStackPlainSocketImpl.waitForConnect(Native Method)
	at java.net.DualStackPlainSocketImpl.socketConnect(DualStackPlainSocketImpl.java:85)
	at java.net.AbstractPlainSocketImpl.doConnect(AbstractPlainSocketImpl.java:350)
	at java.net.AbstractPlainSocketImpl.connectToAddress(AbstractPlainSocketImpl.java:206)
	at java.net.AbstractPlainSocketImpl.connect(AbstractPlainSocketImpl.java:188)
	at java.net.PlainSocketImpl.connect(PlainSocketImpl.java:172)
	at java.net.SocksSocketImpl.connect(SocksSocketImpl.java:392)
	at java.net.Socket.connect(Socket.java:606)
	at com.github.s7connector.impl.S7TCPConnection.setupSocket(S7TCPConnection.java:108)
	... 10 more
[ERROR] 2020-11-10 11:54:32,852 [pool-1-thread-1][org.example.s7.sup.S7IpGroupQueryer][line:85]  ip: [192.168.0.190], address: [DB1.DBB1] 查询报错！
org.example.s7.device.S7DeviceException: ip:192.168.0.190 plc连接不上！
	at org.example.s7.device.S7Device.connect(S7Device.java:34)
	at org.example.s7.bus.S7BusDevice.connect(S7BusDevice.java:56)
	at org.example.s7.sup.S7ConnectHolder.getBusDevice(S7ConnectHolder.java:59)
	at org.example.s7.sup.S7IpGroupQueryer.lambda$query$0(S7IpGroupQueryer.java:64)
	at java.util.concurrent.FutureTask.run(FutureTask.java:266)
	at java.util.concurrent.ThreadPoolExecutor.runWorker(ThreadPoolExecutor.java:1149)
	at java.util.concurrent.ThreadPoolExecutor$Worker.run(ThreadPoolExecutor.java:624)
	at java.lang.Thread.run(Thread.java:748)
Caused by: com.github.s7connector.exception.S7Exception: constructor
	at com.github.s7connector.impl.S7TCPConnection.setupSocket(S7TCPConnection.java:120)
	at com.github.s7connector.impl.S7TCPConnection.<init>(S7TCPConnection.java:83)
	at com.github.s7connector.api.factory.S7ConnectorFactory$TCPConnectionBuilder.build(S7ConnectorFactory.java:43)
	at org.example.s7.device.S7Device.connect(S7Device.java:31)
	... 7 more
Caused by: java.net.SocketTimeoutException: connect timed out
	at java.net.DualStackPlainSocketImpl.waitForConnect(Native Method)
	at java.net.DualStackPlainSocketImpl.socketConnect(DualStackPlainSocketImpl.java:85)
	at java.net.AbstractPlainSocketImpl.doConnect(AbstractPlainSocketImpl.java:350)
	at java.net.AbstractPlainSocketImpl.connectToAddress(AbstractPlainSocketImpl.java:206)
	at java.net.AbstractPlainSocketImpl.connect(AbstractPlainSocketImpl.java:188)
	at java.net.PlainSocketImpl.connect(PlainSocketImpl.java:172)
	at java.net.SocksSocketImpl.connect(SocksSocketImpl.java:392)
	at java.net.Socket.connect(Socket.java:606)
	at com.github.s7connector.impl.S7TCPConnection.setupSocket(S7TCPConnection.java:108)
	... 10 more
[ERROR] 2020-11-10 11:54:34,852 [pool-1-thread-1][org.example.s7.sup.S7IpGroupQueryer][line:85]  ip: [192.168.0.190], address: [DB1.DBB0] 查询报错！
org.example.s7.device.S7DeviceException: ip:192.168.0.190 plc连接不上！
	at org.example.s7.device.S7Device.connect(S7Device.java:34)
	at org.example.s7.bus.S7BusDevice.connect(S7BusDevice.java:56)
	at org.example.s7.sup.S7ConnectHolder.getBusDevice(S7ConnectHolder.java:59)
	at org.example.s7.sup.S7IpGroupQueryer.lambda$query$0(S7IpGroupQueryer.java:64)
	at java.util.concurrent.FutureTask.run(FutureTask.java:266)
	at java.util.concurrent.ThreadPoolExecutor.runWorker(ThreadPoolExecutor.java:1149)
	at java.util.concurrent.ThreadPoolExecutor$Worker.run(ThreadPoolExecutor.java:624)
	at java.lang.Thread.run(Thread.java:748)
Caused by: com.github.s7connector.exception.S7Exception: constructor
	at com.github.s7connector.impl.S7TCPConnection.setupSocket(S7TCPConnection.java:120)
	at com.github.s7connector.impl.S7TCPConnection.<init>(S7TCPConnection.java:83)
	at com.github.s7connector.api.factory.S7ConnectorFactory$TCPConnectionBuilder.build(S7ConnectorFactory.java:43)
	at org.example.s7.device.S7Device.connect(S7Device.java:31)
	... 7 more
Caused by: java.net.SocketTimeoutException: connect timed out
	at java.net.DualStackPlainSocketImpl.waitForConnect(Native Method)
	at java.net.DualStackPlainSocketImpl.socketConnect(DualStackPlainSocketImpl.java:85)
	at java.net.AbstractPlainSocketImpl.doConnect(AbstractPlainSocketImpl.java:350)
	at java.net.AbstractPlainSocketImpl.connectToAddress(AbstractPlainSocketImpl.java:206)
	at java.net.AbstractPlainSocketImpl.connect(AbstractPlainSocketImpl.java:188)
	at java.net.PlainSocketImpl.connect(PlainSocketImpl.java:172)
	at java.net.SocksSocketImpl.connect(SocksSocketImpl.java:392)
	at java.net.Socket.connect(Socket.java:606)
	at com.github.s7connector.impl.S7TCPConnection.setupSocket(S7TCPConnection.java:108)
	... 10 more
[ERROR] 2020-11-10 12:29:36,145 [pool-1-thread-1][org.example.s7.sup.S7IpGroupQueryer][line:63]  ip: [192.168.0.190] 连接失败！
org.example.s7.device.S7DeviceException: ip:192.168.0.190 plc连接不上！
	at org.example.s7.device.S7Device.connect(S7Device.java:34)
	at org.example.s7.bus.S7BusDevice.connect(S7BusDevice.java:56)
	at org.example.s7.sup.S7ConnectHolder.getBusDevice(S7ConnectHolder.java:59)
	at org.example.s7.sup.S7IpGroupQueryer.lambda$query$1(S7IpGroupQueryer.java:61)
	at java.util.concurrent.FutureTask.run(FutureTask.java:266)
	at java.util.concurrent.ThreadPoolExecutor.runWorker(ThreadPoolExecutor.java:1149)
	at java.util.concurrent.ThreadPoolExecutor$Worker.run(ThreadPoolExecutor.java:624)
	at java.lang.Thread.run(Thread.java:748)
Caused by: com.github.s7connector.exception.S7Exception: constructor
	at com.github.s7connector.impl.S7TCPConnection.setupSocket(S7TCPConnection.java:120)
	at com.github.s7connector.impl.S7TCPConnection.<init>(S7TCPConnection.java:83)
	at com.github.s7connector.api.factory.S7ConnectorFactory$TCPConnectionBuilder.build(S7ConnectorFactory.java:43)
	at org.example.s7.device.S7Device.connect(S7Device.java:31)
	... 7 more
Caused by: java.net.SocketTimeoutException: connect timed out
	at java.net.DualStackPlainSocketImpl.waitForConnect(Native Method)
	at java.net.DualStackPlainSocketImpl.socketConnect(DualStackPlainSocketImpl.java:85)
	at java.net.AbstractPlainSocketImpl.doConnect(AbstractPlainSocketImpl.java:350)
	at java.net.AbstractPlainSocketImpl.connectToAddress(AbstractPlainSocketImpl.java:206)
	at java.net.AbstractPlainSocketImpl.connect(AbstractPlainSocketImpl.java:188)
	at java.net.PlainSocketImpl.connect(PlainSocketImpl.java:172)
	at java.net.SocksSocketImpl.connect(SocksSocketImpl.java:392)
	at java.net.Socket.connect(Socket.java:606)
	at com.github.s7connector.impl.S7TCPConnection.setupSocket(S7TCPConnection.java:108)
	... 10 more
[ERROR] 2020-11-10 12:31:11,655 [main][org.example.s7.sup.S7IpGroupQueryer][line:115]  线程池执行出错!
java.util.concurrent.ExecutionException: java.lang.NoClassDefFoundError: com/github/s7connector/exception/S7Exception
	at java.util.concurrent.FutureTask.report(FutureTask.java:122)
	at java.util.concurrent.FutureTask.get(FutureTask.java:192)
	at org.example.s7.sup.S7IpGroupQueryer.query(S7IpGroupQueryer.java:111)
	at org.example.p2.s7.Main.main(Main.java:38)
Caused by: java.lang.NoClassDefFoundError: com/github/s7connector/exception/S7Exception
	at org.example.s7.bus.S7BusDevice.<init>(S7BusDevice.java:51)
	at org.example.s7.sup.S7ConnectHolder.getBusDevice(S7ConnectHolder.java:58)
	at org.example.s7.sup.S7IpGroupQueryer.lambda$query$1(S7IpGroupQueryer.java:61)
	at java.util.concurrent.FutureTask.run(FutureTask.java:266)
	at java.util.concurrent.ThreadPoolExecutor.runWorker(ThreadPoolExecutor.java:1149)
	at java.util.concurrent.ThreadPoolExecutor$Worker.run(ThreadPoolExecutor.java:624)
	at java.lang.Thread.run(Thread.java:748)
Caused by: java.lang.ClassNotFoundException: com.github.s7connector.exception.S7Exception
	at java.net.URLClassLoader.findClass(URLClassLoader.java:382)
	at java.lang.ClassLoader.loadClass(ClassLoader.java:418)
	at sun.misc.Launcher$AppClassLoader.loadClass(Launcher.java:355)
	at java.lang.ClassLoader.loadClass(ClassLoader.java:351)
	... 7 more
